Unity Editor version:    2021.3.16f1c1 (56dbfdd6697f)
Branch:                  2021.3/china_unity/release
Build type:              Release
Batch mode:              YES
macOS version:           Version 13.2 (Build 22D49)
Darwin version:          22.3.0
Architecture:            x86_64
Running under Rosetta:   NO
Available memory:        16384 MB
Using pre-set license
Pro License: YES

COMMAND LINE ARGUMENTS:
/Applications/Unity/Hub/Editor/2021.3.16f1c1/Unity.app/Contents/MacOS/Unity
-adb2
-batchMode
-noUpm
-name
AssetImportWorker0
-projectPath
/Users/tianjiaowu/Documents/My NYU Undergraduate Academic Materials/Game Design/Intermediate Game Development - Karina Popp/Interm Game Dev In-class Demo
-logFile
Logs/AssetImportWorker0.log
-srvPort
55065
Successfully changed project path to: /Users/tianjiaowu/Documents/My NYU Undergraduate Academic Materials/Game Design/Intermediate Game Development - Karina Popp/Interm Game Dev In-class Demo
/Users/tianjiaowu/Documents/My NYU Undergraduate Academic Materials/Game Design/Intermediate Game Development - Karina Popp/Interm Game Dev In-class Demo
[UnityMemory] Configuration Parameters - Can be set up in boot.config
    "memorysetup-bucket-allocator-granularity=16"
    "memorysetup-bucket-allocator-bucket-count=8"
    "memorysetup-bucket-allocator-block-size=33554432"
    "memorysetup-bucket-allocator-block-count=8"
    "memorysetup-main-allocator-block-size=16777216"
    "memorysetup-thread-allocator-block-size=16777216"
    "memorysetup-gfx-main-allocator-block-size=16777216"
    "memorysetup-gfx-thread-allocator-block-size=16777216"
    "memorysetup-cache-allocator-block-size=4194304"
    "memorysetup-typetree-allocator-block-size=2097152"
    "memorysetup-profiler-bucket-allocator-granularity=16"
    "memorysetup-profiler-bucket-allocator-bucket-count=8"
    "memorysetup-profiler-bucket-allocator-block-size=33554432"
    "memorysetup-profiler-bucket-allocator-block-count=8"
    "memorysetup-profiler-allocator-block-size=16777216"
    "memorysetup-profiler-editor-allocator-block-size=1048576"
    "memorysetup-temp-allocator-size-main=16777216"
    "memorysetup-job-temp-allocator-block-size=2097152"
    "memorysetup-job-temp-allocator-block-size-background=1048576"
    "memorysetup-job-temp-allocator-reduction-small-platforms=262144"
    "memorysetup-temp-allocator-size-background-worker=32768"
    "memorysetup-temp-allocator-size-job-worker=262144"
    "memorysetup-temp-allocator-size-preload-manager=33554432"
    "memorysetup-temp-allocator-size-nav-mesh-worker=65536"
    "memorysetup-temp-allocator-size-audio-worker=65536"
    "memorysetup-temp-allocator-size-cloud-worker=32768"
    "memorysetup-temp-allocator-size-gi-baking-worker=262144"
    "memorysetup-temp-allocator-size-gfx=262144"
Player connection [140704725071424] Host "[IP] 192.168.1.158 [Port] 0 [Flags] 2 [Guid] 1144224190 [EditorId] 1144224190 [Version] 1048832 [Id] OSXEditor(0,Tianjiaos-MBP-2) [Debug] 1 [PackageName] OSXEditor [ProjectName] Editor" joined multi-casting on [225.0.0.222:54997]...

Player connection [140704725071424] Host "[IP] 192.168.1.158 [Port] 0 [Flags] 2 [Guid] 1144224190 [EditorId] 1144224190 [Version] 1048832 [Id] OSXEditor(0,Tianjiaos-MBP-2) [Debug] 1 [PackageName] OSXEditor [ProjectName] Editor" joined alternative multi-casting on [225.0.0.222:34997]...

AS: AutoStreaming module initializing.
Refreshing native plugins compatible for Editor in 123.87 ms, found 3 plugins.
Preloading 0 native plugins for Editor in 0.00 ms.
Initialize engine version: 2021.3.16f1c1 (56dbfdd6697f)
[Subsystems] Discovering subsystems at path /Applications/Unity/Hub/Editor/2021.3.16f1c1/Unity.app/Contents/Resources/UnitySubsystems
[Subsystems] Discovering subsystems at path /Users/tianjiaowu/Documents/My NYU Undergraduate Academic Materials/Game Design/Intermediate Game Development - Karina Popp/Interm Game Dev In-class Demo/Assets
GfxDevice: creating device client; threaded=0; jobified=0
Color LCD preferred device: Intel(R) Iris(TM) Plus Graphics (low power)
Metal devices available: 1
0: Intel(R) Iris(TM) Plus Graphics (low power)
Using device Intel(R) Iris(TM) Plus Graphics (low power)
Initializing Metal device caps: Intel(R) Iris(TM) Plus Graphics
Initialize mono
Mono path[0] = '/Applications/Unity/Hub/Editor/2021.3.16f1c1/Unity.app/Contents/Managed'
Mono path[1] = '/Applications/Unity/Hub/Editor/2021.3.16f1c1/Unity.app/Contents/MonoBleedingEdge/lib/mono/unityjit-macos'
Mono config path = '/Applications/Unity/Hub/Editor/2021.3.16f1c1/Unity.app/Contents/MonoBleedingEdge/etc'
Using monoOptions --debugger-agent=transport=dt_socket,embedding=1,server=y,suspend=n,address=127.0.0.1:56586
Begin MonoManager ReloadAssembly
Registering precompiled unity dll's ...
Register platform support module: /Applications/Unity/Hub/Editor/2021.3.16f1c1/PlaybackEngines/WebGLSupport/UnityEditor.WebGL.Extensions.dll
Register platform support module: /Applications/Unity/Hub/Editor/2021.3.16f1c1/Unity.app/Contents/PlaybackEngines/MacStandaloneSupport/UnityEditor.OSXStandalone.Extensions.dll
Register platform support module: /Applications/Unity/Hub/Editor/2021.3.16f1c1/PlaybackEngines/AndroidPlayer/UnityEditor.Android.Extensions.dll
Register platform support module: /Applications/Unity/Hub/Editor/2021.3.16f1c1/PlaybackEngines/iOSSupport/UnityEditor.iOS.Extensions.dll
Register platform support module: /Applications/Unity/Hub/Editor/2021.3.16f1c1/PlaybackEngines/WindowsStandaloneSupport/UnityEditor.WindowsStandalone.Extensions.dll
Registered in 0.008641 seconds.
Native extension for WindowsStandalone target not found
[usbmuxd] Start listen thread
[usbmuxd] Listen thread started
[usbmuxd] Send listen message
Native extension for iOS target not found
Native extension for Android target not found
Native extension for OSXStandalone target not found
Native extension for WebGL target not found
Refreshing native plugins compatible for Editor in 109.61 ms, found 3 plugins.
Preloading 0 native plugins for Editor in 0.00 ms.
Mono: successfully reloaded assembly
- Completed reload, in  1.028 seconds
Domain Reload Profiling:
	ReloadAssembly (1029ms)
		BeginReloadAssembly (169ms)
			ExecutionOrderSort (0ms)
			DisableScriptedObjects (0ms)
			BackupInstance (0ms)
			ReleaseScriptingObjects (0ms)
			CreateAndSetChildDomain (1ms)
		EndReloadAssembly (729ms)
			LoadAssemblies (176ms)
			RebuildTransferFunctionScriptingTraits (0ms)
			SetupTypeCache (145ms)
			ReleaseScriptCaches (0ms)
			RebuildScriptCaches (39ms)
			SetupLoadedEditorAssemblies (481ms)
				LogAssemblyErrors (0ms)
				InitializePlatformSupportModulesInManaged (152ms)
				SetLoadedEditorAssemblies (0ms)
				RefreshPlugins (110ms)
				BeforeProcessingInitializeOnLoad (1ms)
				ProcessInitializeOnLoadAttributes (162ms)
				ProcessInitializeOnLoadMethodAttributes (55ms)
				AfterProcessingInitializeOnLoad (0ms)
				EditorAssembliesLoaded (0ms)
			ExecutionOrderSort2 (0ms)
			AwakeInstancesAfterBackupRestoration (0ms)
Platform modules already initialized, skipping
Registering precompiled user dll's ...
Registered in 0.018295 seconds.
Begin MonoManager ReloadAssembly
Symbol file LoadedFromMemory doesn't match image /Users/tianjiaowu/Documents/My NYU Undergraduate Academic Materials/Game Design/Intermediate Game Development - Karina Popp/Interm Game Dev In-class Demo/Library/PackageCache/com.unity.visualscripting@1.7.8/Editor/VisualScripting.Core/Dependencies/YamlDotNet/Unity.VisualScripting.YamlDotNet.dll
Symbol file LoadedFromMemory doesn't match image /Users/tianjiaowu/Documents/My NYU Undergraduate Academic Materials/Game Design/Intermediate Game Development - Karina Popp/Interm Game Dev In-class Demo/Library/PackageCache/com.unity.visualscripting@1.7.8/Editor/VisualScripting.Core/Dependencies/DotNetZip/Unity.VisualScripting.IonicZip.dll
Native extension for WindowsStandalone target not found
Native extension for iOS target not found
Native extension for Android target not found
Native extension for OSXStandalone target not found
Native extension for WebGL target not found
Refreshing native plugins compatible for Editor in 95.15 ms, found 3 plugins.
Preloading 0 native plugins for Editor in 0.00 ms.
Mono: successfully reloaded assembly
- Completed reload, in  1.668 seconds
Domain Reload Profiling:
	ReloadAssembly (1679ms)
		BeginReloadAssembly (140ms)
			ExecutionOrderSort (0ms)
			DisableScriptedObjects (8ms)
			BackupInstance (0ms)
			ReleaseScriptingObjects (0ms)
			CreateAndSetChildDomain (26ms)
		EndReloadAssembly (1399ms)
			LoadAssemblies (174ms)
			RebuildTransferFunctionScriptingTraits (0ms)
			SetupTypeCache (304ms)
			ReleaseScriptCaches (1ms)
			RebuildScriptCaches (88ms)
			SetupLoadedEditorAssemblies (777ms)
				LogAssemblyErrors (0ms)
				InitializePlatformSupportModulesInManaged (30ms)
				SetLoadedEditorAssemblies (0ms)
				RefreshPlugins (95ms)
				BeforeProcessingInitializeOnLoad (94ms)
				ProcessInitializeOnLoadAttributes (503ms)
				ProcessInitializeOnLoadMethodAttributes (52ms)
				AfterProcessingInitializeOnLoad (2ms)
				EditorAssembliesLoaded (0ms)
			ExecutionOrderSort2 (0ms)
			AwakeInstancesAfterBackupRestoration (4ms)
Platform modules already initialized, skipping
========================================================================
Worker process is ready to serve import requests
Launching external process: /Applications/Unity/Hub/Editor/2021.3.16f1c1/Unity.app/Contents/Tools/UnityShaderCompiler
Launched and connected shader compiler UnityShaderCompiler after 0.10 seconds
Refreshing native plugins compatible for Editor in 0.78 ms, found 3 plugins.
Preloading 0 native plugins for Editor in 0.00 ms.
Unloading 4048 Unused Serialized files (Serialized files now loaded: 0)
Unloading 44 unused Assets / (169.4 KB). Loaded Objects now: 4501.
Memory consumption went from 151.6 MB to 151.5 MB.
Total: 4.528267 ms (FindLiveObjects: 0.349873 ms CreateObjectMapping: 0.198130 ms MarkObjects: 3.696699 ms  DeleteObjects: 0.281381 ms)

AssetImportParameters requested are different than current active one (requested -> active):
  custom:video-decoder-ogg-theora: a1e56fd34408186e4bbccfd4996cb3dc -> 
  custom:container-muxer-webm: aa71ff27fc2769a1b78a27578f13a17b -> 
  custom:container-demuxer-webm: 4f35f7cbe854078d1ac9338744f61a02 -> 
  custom:video-encoder-webm-vp8: eb34c28f22e8b96e1ab97ce403110664 -> 
  custom:framework-osx-AVFoundation: e770b220cccbd017edd2c1fefb359320 -> 
  custom:audio-encoder-webm-vorbis: bf7c407c2cedff20999df2af8eb42d56 -> 
  custom:container-demuxer-ogg: 62fdf1f143b41e24485cea50d1cbac27 -> 
  custom:video-decoder-webm-vp8: 9c59270c3fd7afecdb556c50c9e8de78 -> 
  custom:audio-decoder-ogg-vorbis: bf7c407c2cedff20999df2af8eb42d56 -> 
========================================================================
Received Import Request.
  Time since last request: 141005.933215 seconds.
  path: Assets/2D Room/sprite_character.png
  artifactKey: Guid(b83822be4252b8949a94dc1863c4f055) Importer(815301076,1909f56bfc062723c751e8b465ee728b)
Start importing Assets/2D Room/sprite_character.png using Guid(b83822be4252b8949a94dc1863c4f055) Importer(815301076,1909f56bfc062723c751e8b465ee728b)  -> (artifact id: '9fb51fa46668c350b1f1548a6c9f9ac6') in 1.097670 seconds 
========================================================================
Received Import Request.
  Time since last request: 0.000139 seconds.
  path: Assets/2D Room/2D Room.unity
  artifactKey: Guid(d5b66ed8a6e4ac045a60fff0128d1680) Importer(815301076,1909f56bfc062723c751e8b465ee728b)
Start importing Assets/2D Room/2D Room.unity using Guid(d5b66ed8a6e4ac045a60fff0128d1680) Importer(815301076,1909f56bfc062723c751e8b465ee728b)  -> (artifact id: '3d831136c9ad3181593a55f2ecb6734e') in 0.001031 seconds 
========================================================================
Received Import Request.
  Time since last request: 1.667894 seconds.
  path: Assets/2D Room/prefab
  artifactKey: Guid(403f63edacdfa6245a6bbc22f28c3537) Importer(815301076,1909f56bfc062723c751e8b465ee728b)
Start importing Assets/2D Room/prefab using Guid(403f63edacdfa6245a6bbc22f28c3537) Importer(815301076,1909f56bfc062723c751e8b465ee728b)  -> (artifact id: 'cc25ab56864831b27e4955e28dc1bbf9') in 0.001569 seconds 
========================================================================
Received Import Request.
  Time since last request: 0.054277 seconds.
  path: Assets/2D Room/prefab/Armchair.prefab
  artifactKey: Guid(117e183ded99bd84995c881872347310) Importer(815301076,1909f56bfc062723c751e8b465ee728b)
Start importing Assets/2D Room/prefab/Armchair.prefab using Guid(117e183ded99bd84995c881872347310) Importer(815301076,1909f56bfc062723c751e8b465ee728b)  -> (artifact id: '6111e255b7a008bd7af5c21c8a3dfb7f') in 1.261520 seconds 
========================================================================
Received Import Request.
  Time since last request: 0.000174 seconds.
  path: Assets/2D Room/prefab/Book6.prefab
  artifactKey: Guid(d44227f5733c2994caa3ccb6390e663a) Importer(815301076,1909f56bfc062723c751e8b465ee728b)
Start importing Assets/2D Room/prefab/Book6.prefab using Guid(d44227f5733c2994caa3ccb6390e663a) Importer(815301076,1909f56bfc062723c751e8b465ee728b)  -> (artifact id: '2f06754f3fed07d9ca3879d046fab110') in 0.016652 seconds 
========================================================================
Received Import Request.
  Time since last request: 0.000116 seconds.
  path: Assets/2D Room/prefab/Table2.prefab
  artifactKey: Guid(ca97af1485ea432449b84314010f5f61) Importer(815301076,1909f56bfc062723c751e8b465ee728b)
Start importing Assets/2D Room/prefab/Table2.prefab using Guid(ca97af1485ea432449b84314010f5f61) Importer(815301076,1909f56bfc062723c751e8b465ee728b)  -> (artifact id: '12c0101d2dd722b2a292a6cef3f28d10') in 0.016153 seconds 
========================================================================
Received Import Request.
  Time since last request: 0.000082 seconds.
  path: Assets/2D Room/prefab/Book1.prefab
  artifactKey: Guid(661c3d5826bb73a46a490c5fed6d5be9) Importer(815301076,1909f56bfc062723c751e8b465ee728b)
Start importing Assets/2D Room/prefab/Book1.prefab using Guid(661c3d5826bb73a46a490c5fed6d5be9) Importer(815301076,1909f56bfc062723c751e8b465ee728b)  -> (artifact id: '8a6724d136b4edf79eb4fb4a1047ada2') in 0.015881 seconds 
========================================================================
Received Import Request.
  Time since last request: 0.000088 seconds.
  path: Assets/2D Room/prefab/Sofa.prefab
  artifactKey: Guid(a6a635e0d2e44fe48b68dbc0b29d27b2) Importer(815301076,1909f56bfc062723c751e8b465ee728b)
Start importing Assets/2D Room/prefab/Sofa.prefab using Guid(a6a635e0d2e44fe48b68dbc0b29d27b2) Importer(815301076,1909f56bfc062723c751e8b465ee728b)  -> (artifact id: '27931c2cb3c97821a2135f63cbddc41c') in 0.015515 seconds 
========================================================================
Received Import Request.
  Time since last request: 0.000243 seconds.
  path: Assets/2D Room/prefab/Carpet.prefab
  artifactKey: Guid(ae79c7436a0fc9c4baac33721077f93e) Importer(815301076,1909f56bfc062723c751e8b465ee728b)
Start importing Assets/2D Room/prefab/Carpet.prefab using Guid(ae79c7436a0fc9c4baac33721077f93e) Importer(815301076,1909f56bfc062723c751e8b465ee728b)  -> (artifact id: '4a68df7aa810af31ecb4f84af81d1f40') in 0.015931 seconds 
========================================================================
Received Import Request.
  Time since last request: 0.000150 seconds.
  path: Assets/2D Room/prefab/Book2.prefab
  artifactKey: Guid(43468f0e377be6243b1fddb4b244634e) Importer(815301076,1909f56bfc062723c751e8b465ee728b)
Start importing Assets/2D Room/prefab/Book2.prefab using Guid(43468f0e377be6243b1fddb4b244634e) Importer(815301076,1909f56bfc062723c751e8b465ee728b)  -> (artifact id: '2ea5133f897dac6bbd0a3c1a9ec3d9f5') in 0.016433 seconds 
========================================================================
Received Import Request.
  Time since last request: 0.000090 seconds.
  path: Assets/2D Room/prefab/Book3.prefab
  artifactKey: Guid(db9c29bc6dfc88345a999bcc121ae3cf) Importer(815301076,1909f56bfc062723c751e8b465ee728b)
Start importing Assets/2D Room/prefab/Book3.prefab using Guid(db9c29bc6dfc88345a999bcc121ae3cf) Importer(815301076,1909f56bfc062723c751e8b465ee728b)  -> (artifact id: '39bbfe2d64607e40362d75eb218b242d') in 0.015944 seconds 
========================================================================
Received Import Request.
  Time since last request: 0.000196 seconds.
  path: Assets/2D Room/prefab/Furniture.prefab
  artifactKey: Guid(4c93d49f56268104c8ae2a66d48ebc66) Importer(815301076,1909f56bfc062723c751e8b465ee728b)
Start importing Assets/2D Room/prefab/Furniture.prefab using Guid(4c93d49f56268104c8ae2a66d48ebc66) Importer(815301076,1909f56bfc062723c751e8b465ee728b)  -> (artifact id: 'a03b09503ae22fb344afb8cd82f45752') in 0.018952 seconds 
========================================================================
Received Import Request.
  Time since last request: 0.000151 seconds.
  path: Assets/2D Room/prefab/Flower3.prefab
  artifactKey: Guid(9c35951c103b4b740acfb1117545afe8) Importer(815301076,1909f56bfc062723c751e8b465ee728b)
Start importing Assets/2D Room/prefab/Flower3.prefab using Guid(9c35951c103b4b740acfb1117545afe8) Importer(815301076,1909f56bfc062723c751e8b465ee728b)  -> (artifact id: 'e3bb923b7be78900d93e7d800a84b74b') in 0.016829 seconds 
========================================================================
Received Import Request.
  Time since last request: 0.000169 seconds.
  path: Assets/2D Room/prefab/Flower2.prefab
  artifactKey: Guid(127a12bfbbf1d2541ad6ba4007556188) Importer(815301076,1909f56bfc062723c751e8b465ee728b)
Start importing Assets/2D Room/prefab/Flower2.prefab using Guid(127a12bfbbf1d2541ad6ba4007556188) Importer(815301076,1909f56bfc062723c751e8b465ee728b)  -> (artifact id: 'fd7fe21141cbf8f8adc51d4610485465') in 0.014069 seconds 
========================================================================
Received Import Request.
  Time since last request: 0.000219 seconds.
  path: Assets/2D Room/prefab/City.prefab
  artifactKey: Guid(ec196b25a6f0ce649ab4763de5d4b8db) Importer(815301076,1909f56bfc062723c751e8b465ee728b)
Start importing Assets/2D Room/prefab/City.prefab using Guid(ec196b25a6f0ce649ab4763de5d4b8db) Importer(815301076,1909f56bfc062723c751e8b465ee728b)  -> (artifact id: '9777e059ccba66237395b051562b2911') in 0.016154 seconds 
========================================================================
Received Import Request.
  Time since last request: 0.000076 seconds.
  path: Assets/2D Room/prefab/Shadow4.prefab
  artifactKey: Guid(8f6a211576c9ebb488626d221fad1d2e) Importer(815301076,1909f56bfc062723c751e8b465ee728b)
Start importing Assets/2D Room/prefab/Shadow4.prefab using Guid(8f6a211576c9ebb488626d221fad1d2e) Importer(815301076,1909f56bfc062723c751e8b465ee728b)  -> (artifact id: 'cae0107526c086a14a80423150b69758') in 0.014235 seconds 
========================================================================
Received Import Request.
  Time since last request: 0.000157 seconds.
  path: Assets/2D Room/prefab/shadow3.prefab
  artifactKey: Guid(48f49e47e3bf90248baa34f246c9b805) Importer(815301076,1909f56bfc062723c751e8b465ee728b)
Start importing Assets/2D Room/prefab/shadow3.prefab using Guid(48f49e47e3bf90248baa34f246c9b805) Importer(815301076,1909f56bfc062723c751e8b465ee728b)  -> (artifact id: '1305ce7f389192a97447e3fc8b5e4b77') in 0.016707 seconds 
========================================================================
Received Import Request.
  Time since last request: 0.000121 seconds.
  path: Assets/2D Room/prefab/Curtains.prefab
  artifactKey: Guid(29604f36edc26024582f639a081210fb) Importer(815301076,1909f56bfc062723c751e8b465ee728b)
Start importing Assets/2D Room/prefab/Curtains.prefab using Guid(29604f36edc26024582f639a081210fb) Importer(815301076,1909f56bfc062723c751e8b465ee728b)  -> (artifact id: 'a22343704d86167aa1cfab1d2d63e289') in 0.015028 seconds 
========================================================================
Received Import Request.
  Time since last request: 0.000120 seconds.
  path: Assets/2D Room/prefab/Table1.prefab
  artifactKey: Guid(b25f69a2c3f3bb24e98b26c3acb37fca) Importer(815301076,1909f56bfc062723c751e8b465ee728b)
Start importing Assets/2D Room/prefab/Table1.prefab using Guid(b25f69a2c3f3bb24e98b26c3acb37fca) Importer(815301076,1909f56bfc062723c751e8b465ee728b)  -> (artifact id: '83649e086441fc085529d87d4ad69daa') in 0.015211 seconds 
========================================================================
Received Import Request.
  Time since last request: 0.000092 seconds.
  path: Assets/2D Room/prefab/Notebook.prefab
  artifactKey: Guid(f0930b6bede29b74c988ab1143deb54c) Importer(815301076,1909f56bfc062723c751e8b465ee728b)
Start importing Assets/2D Room/prefab/Notebook.prefab using Guid(f0930b6bede29b74c988ab1143deb54c) Importer(815301076,1909f56bfc062723c751e8b465ee728b)  -> (artifact id: 'fa66115718e7f15adaca012131abca16') in 0.016377 seconds 
========================================================================
Received Import Request.
  Time since last request: 0.000132 seconds.
  path: Assets/2D Room/prefab/Book8.prefab
  artifactKey: Guid(ef1cc712a2302cc4a935e1dfdc9ebdc0) Importer(815301076,1909f56bfc062723c751e8b465ee728b)
Start importing Assets/2D Room/prefab/Book8.prefab using Guid(ef1cc712a2302cc4a935e1dfdc9ebdc0) Importer(815301076,1909f56bfc062723c751e8b465ee728b)  -> (artifact id: 'c88ace55159599654952d292e3bd165d') in 0.015857 seconds 
========================================================================
Received Import Request.
  Time since last request: 0.000237 seconds.
  path: Assets/2D Room/prefab/Cup.prefab
  artifactKey: Guid(67ee06d61c7eaee47a2714f0c21aad73) Importer(815301076,1909f56bfc062723c751e8b465ee728b)
Start importing Assets/2D Room/prefab/Cup.prefab using Guid(67ee06d61c7eaee47a2714f0c21aad73) Importer(815301076,1909f56bfc062723c751e8b465ee728b)  -> (artifact id: 'e355ed43f6afbb92e4262aa5da21c424') in 0.013758 seconds 
========================================================================
Received Import Request.
  Time since last request: 0.000137 seconds.
  path: Assets/2D Room/prefab/Shadow2.prefab
  artifactKey: Guid(84fb5b0e10c5ced4798f85a433b0de4f) Importer(815301076,1909f56bfc062723c751e8b465ee728b)
Start importing Assets/2D Room/prefab/Shadow2.prefab using Guid(84fb5b0e10c5ced4798f85a433b0de4f) Importer(815301076,1909f56bfc062723c751e8b465ee728b)  -> (artifact id: '41a967d1bb39105cd84a4938db893836') in 0.015854 seconds 
========================================================================
Received Prepare
Registering precompiled user dll's ...
Registered in 0.004827 seconds.
Begin MonoManager ReloadAssembly
Symbol file LoadedFromMemory doesn't match image /Users/tianjiaowu/Documents/My NYU Undergraduate Academic Materials/Game Design/Intermediate Game Development - Karina Popp/Interm Game Dev In-class Demo/Library/PackageCache/com.unity.visualscripting@1.7.8/Editor/VisualScripting.Core/Dependencies/YamlDotNet/Unity.VisualScripting.YamlDotNet.dll
Symbol file LoadedFromMemory doesn't match image /Users/tianjiaowu/Documents/My NYU Undergraduate Academic Materials/Game Design/Intermediate Game Development - Karina Popp/Interm Game Dev In-class Demo/Library/PackageCache/com.unity.visualscripting@1.7.8/Editor/VisualScripting.Core/Dependencies/DotNetZip/Unity.VisualScripting.IonicZip.dll
Native extension for WindowsStandalone target not found
Native extension for iOS target not found
Native extension for Android target not found
Native extension for OSXStandalone target not found
Native extension for WebGL target not found
Refreshing native plugins compatible for Editor in 0.74 ms, found 3 plugins.
Preloading 0 native plugins for Editor in 0.00 ms.
Mono: successfully reloaded assembly
- Completed reload, in  1.888 seconds
Domain Reload Profiling:
	ReloadAssembly (1889ms)
		BeginReloadAssembly (160ms)
			ExecutionOrderSort (0ms)
			DisableScriptedObjects (7ms)
			BackupInstance (0ms)
			ReleaseScriptingObjects (0ms)
			CreateAndSetChildDomain (69ms)
		EndReloadAssembly (1623ms)
			LoadAssemblies (84ms)
			RebuildTransferFunctionScriptingTraits (0ms)
			SetupTypeCache (368ms)
			ReleaseScriptCaches (2ms)
			RebuildScriptCaches (104ms)
			SetupLoadedEditorAssemblies (945ms)
				LogAssemblyErrors (0ms)
				InitializePlatformSupportModulesInManaged (54ms)
				SetLoadedEditorAssemblies (1ms)
				RefreshPlugins (1ms)
				BeforeProcessingInitializeOnLoad (108ms)
				ProcessInitializeOnLoadAttributes (714ms)
				ProcessInitializeOnLoadMethodAttributes (64ms)
				AfterProcessingInitializeOnLoad (3ms)
				EditorAssembliesLoaded (0ms)
			ExecutionOrderSort2 (0ms)
			AwakeInstancesAfterBackupRestoration (11ms)
Platform modules already initialized, skipping
Refreshing native plugins compatible for Editor in 5.07 ms, found 3 plugins.
Preloading 0 native plugins for Editor in 0.00 ms.
Unloading 4043 Unused Serialized files (Serialized files now loaded: 0)
Unloading 31 unused Assets / (149.2 KB). Loaded Objects now: 4532.
Memory consumption went from 162.1 MB to 162.0 MB.
Total: 6.141445 ms (FindLiveObjects: 0.290291 ms CreateObjectMapping: 0.214972 ms MarkObjects: 5.432019 ms  DeleteObjects: 0.201639 ms)

AssetImportParameters requested are different than current active one (requested -> active):
  custom:video-decoder-ogg-theora: a1e56fd34408186e4bbccfd4996cb3dc -> 
  custom:container-muxer-webm: aa71ff27fc2769a1b78a27578f13a17b -> 
  custom:container-demuxer-webm: 4f35f7cbe854078d1ac9338744f61a02 -> 
  custom:video-encoder-webm-vp8: eb34c28f22e8b96e1ab97ce403110664 -> 
  custom:framework-osx-AVFoundation: e770b220cccbd017edd2c1fefb359320 -> 
  custom:audio-encoder-webm-vorbis: bf7c407c2cedff20999df2af8eb42d56 -> 
  custom:container-demuxer-ogg: 62fdf1f143b41e24485cea50d1cbac27 -> 
  custom:video-decoder-webm-vp8: 9c59270c3fd7afecdb556c50c9e8de78 -> 
  custom:audio-decoder-ogg-vorbis: bf7c407c2cedff20999df2af8eb42d56 -> 
========================================================================
Received Import Request.
  Time since last request: 36.375902 seconds.
  path: Assets/Scenes/SampleScene.unity
  artifactKey: Guid(2cda990e2423bbf4892e6590ba056729) Importer(815301076,1909f56bfc062723c751e8b465ee728b)
Start importing Assets/Scenes/SampleScene.unity using Guid(2cda990e2423bbf4892e6590ba056729) Importer(815301076,1909f56bfc062723c751e8b465ee728b)  -> (artifact id: '583bc978c203281c725f6596e0a00993') in 0.014321 seconds 
========================================================================
Received Import Request.
  Time since last request: 25.823491 seconds.
  path: Assets/2D Room/2D RoomSettings.lighting
  artifactKey: Guid(3ffba65c04e1044e5b6c2f0d408cd3b9) Importer(815301076,1909f56bfc062723c751e8b465ee728b)
Start importing Assets/2D Room/2D RoomSettings.lighting using Guid(3ffba65c04e1044e5b6c2f0d408cd3b9) Importer(815301076,1909f56bfc062723c751e8b465ee728b) LightingSettings: switching bake backend from 1 to 0.
 -> (artifact id: '3f05ab6379b206f1f670916c94e587b9') in 0.575459 seconds 
========================================================================
Received Prepare
Registering precompiled user dll's ...
Registered in 0.003444 seconds.
Begin MonoManager ReloadAssembly
Symbol file LoadedFromMemory doesn't match image /Users/tianjiaowu/Documents/My NYU Undergraduate Academic Materials/Game Design/Intermediate Game Development - Karina Popp/Interm Game Dev In-class Demo/Library/PackageCache/com.unity.visualscripting@1.7.8/Editor/VisualScripting.Core/Dependencies/YamlDotNet/Unity.VisualScripting.YamlDotNet.dll
Symbol file LoadedFromMemory doesn't match image /Users/tianjiaowu/Documents/My NYU Undergraduate Academic Materials/Game Design/Intermediate Game Development - Karina Popp/Interm Game Dev In-class Demo/Library/PackageCache/com.unity.visualscripting@1.7.8/Editor/VisualScripting.Core/Dependencies/DotNetZip/Unity.VisualScripting.IonicZip.dll
Native extension for WindowsStandalone target not found
Native extension for iOS target not found
Native extension for Android target not found
Native extension for OSXStandalone target not found
Native extension for WebGL target not found
Refreshing native plugins compatible for Editor in 2.28 ms, found 3 plugins.
Preloading 0 native plugins for Editor in 0.00 ms.
Mono: successfully reloaded assembly
- Completed reload, in  2.784 seconds
Domain Reload Profiling:
	ReloadAssembly (2786ms)
		BeginReloadAssembly (291ms)
			ExecutionOrderSort (0ms)
			DisableScriptedObjects (16ms)
			BackupInstance (0ms)
			ReleaseScriptingObjects (0ms)
			CreateAndSetChildDomain (120ms)
		EndReloadAssembly (2282ms)
			LoadAssemblies (192ms)
			RebuildTransferFunctionScriptingTraits (0ms)
			SetupTypeCache (576ms)
			ReleaseScriptCaches (3ms)
			RebuildScriptCaches (141ms)
			SetupLoadedEditorAssemblies (1251ms)
				LogAssemblyErrors (0ms)
				InitializePlatformSupportModulesInManaged (81ms)
				SetLoadedEditorAssemblies (2ms)
				RefreshPlugins (3ms)
				BeforeProcessingInitializeOnLoad (132ms)
				ProcessInitializeOnLoadAttributes (941ms)
				ProcessInitializeOnLoadMethodAttributes (89ms)
				AfterProcessingInitializeOnLoad (3ms)
				EditorAssembliesLoaded (0ms)
			ExecutionOrderSort2 (0ms)
			AwakeInstancesAfterBackupRestoration (14ms)
Platform modules already initialized, skipping
Refreshing native plugins compatible for Editor in 5.27 ms, found 3 plugins.
Preloading 0 native plugins for Editor in 0.00 ms.
Unloading 4043 Unused Serialized files (Serialized files now loaded: 0)
Unloading 31 unused Assets / (149.4 KB). Loaded Objects now: 4535.
Memory consumption went from 166.2 MB to 166.1 MB.
Total: 7.836321 ms (FindLiveObjects: 0.761051 ms CreateObjectMapping: 0.628095 ms MarkObjects: 6.005616 ms  DeleteObjects: 0.439140 ms)

AssetImportParameters requested are different than current active one (requested -> active):
  custom:video-decoder-ogg-theora: a1e56fd34408186e4bbccfd4996cb3dc -> 
  custom:container-muxer-webm: aa71ff27fc2769a1b78a27578f13a17b -> 
  custom:container-demuxer-webm: 4f35f7cbe854078d1ac9338744f61a02 -> 
  custom:video-encoder-webm-vp8: eb34c28f22e8b96e1ab97ce403110664 -> 
  custom:framework-osx-AVFoundation: e770b220cccbd017edd2c1fefb359320 -> 
  custom:audio-encoder-webm-vorbis: bf7c407c2cedff20999df2af8eb42d56 -> 
  custom:container-demuxer-ogg: 62fdf1f143b41e24485cea50d1cbac27 -> 
  custom:video-decoder-webm-vp8: 9c59270c3fd7afecdb556c50c9e8de78 -> 
  custom:audio-decoder-ogg-vorbis: bf7c407c2cedff20999df2af8eb42d56 -> 
========================================================================
Received Prepare
Registering precompiled user dll's ...
Registered in 0.003862 seconds.
Begin MonoManager ReloadAssembly
Symbol file LoadedFromMemory doesn't match image /Users/tianjiaowu/Documents/My NYU Undergraduate Academic Materials/Game Design/Intermediate Game Development - Karina Popp/Interm Game Dev In-class Demo/Library/PackageCache/com.unity.visualscripting@1.7.8/Editor/VisualScripting.Core/Dependencies/YamlDotNet/Unity.VisualScripting.YamlDotNet.dll
Symbol file LoadedFromMemory doesn't match image /Users/tianjiaowu/Documents/My NYU Undergraduate Academic Materials/Game Design/Intermediate Game Development - Karina Popp/Interm Game Dev In-class Demo/Library/PackageCache/com.unity.visualscripting@1.7.8/Editor/VisualScripting.Core/Dependencies/DotNetZip/Unity.VisualScripting.IonicZip.dll
Native extension for WindowsStandalone target not found
Native extension for iOS target not found
Native extension for Android target not found
Native extension for OSXStandalone target not found
Native extension for WebGL target not found
Refreshing native plugins compatible for Editor in 0.68 ms, found 3 plugins.
Preloading 0 native plugins for Editor in 0.00 ms.
Mono: successfully reloaded assembly
- Completed reload, in  1.967 seconds
Domain Reload Profiling:
	ReloadAssembly (1968ms)
		BeginReloadAssembly (187ms)
			ExecutionOrderSort (0ms)
			DisableScriptedObjects (12ms)
			BackupInstance (0ms)
			ReleaseScriptingObjects (0ms)
			CreateAndSetChildDomain (67ms)
		EndReloadAssembly (1625ms)
			LoadAssemblies (128ms)
			RebuildTransferFunctionScriptingTraits (0ms)
			SetupTypeCache (410ms)
			ReleaseScriptCaches (1ms)
			RebuildScriptCaches (86ms)
			SetupLoadedEditorAssemblies (913ms)
				LogAssemblyErrors (0ms)
				InitializePlatformSupportModulesInManaged (52ms)
				SetLoadedEditorAssemblies (1ms)
				RefreshPlugins (1ms)
				BeforeProcessingInitializeOnLoad (98ms)
				ProcessInitializeOnLoadAttributes (694ms)
				ProcessInitializeOnLoadMethodAttributes (65ms)
				AfterProcessingInitializeOnLoad (3ms)
				EditorAssembliesLoaded (0ms)
			ExecutionOrderSort2 (0ms)
			AwakeInstancesAfterBackupRestoration (13ms)
Platform modules already initialized, skipping
Refreshing native plugins compatible for Editor in 2.28 ms, found 3 plugins.
Preloading 0 native plugins for Editor in 0.00 ms.
Unloading 4043 Unused Serialized files (Serialized files now loaded: 0)
Unloading 31 unused Assets / (129.3 KB). Loaded Objects now: 4538.
Memory consumption went from 166.2 MB to 166.1 MB.
Total: 11.353744 ms (FindLiveObjects: 0.851114 ms CreateObjectMapping: 0.702723 ms MarkObjects: 9.273286 ms  DeleteObjects: 0.521975 ms)

AssetImportParameters requested are different than current active one (requested -> active):
  custom:video-decoder-ogg-theora: a1e56fd34408186e4bbccfd4996cb3dc -> 
  custom:container-muxer-webm: aa71ff27fc2769a1b78a27578f13a17b -> 
  custom:container-demuxer-webm: 4f35f7cbe854078d1ac9338744f61a02 -> 
  custom:video-encoder-webm-vp8: eb34c28f22e8b96e1ab97ce403110664 -> 
  custom:framework-osx-AVFoundation: e770b220cccbd017edd2c1fefb359320 -> 
  custom:audio-encoder-webm-vorbis: bf7c407c2cedff20999df2af8eb42d56 -> 
  custom:container-demuxer-ogg: 62fdf1f143b41e24485cea50d1cbac27 -> 
  custom:video-decoder-webm-vp8: 9c59270c3fd7afecdb556c50c9e8de78 -> 
  custom:audio-decoder-ogg-vorbis: bf7c407c2cedff20999df2af8eb42d56 -> 
========================================================================
Received Prepare
Registering precompiled user dll's ...
Registered in 0.004344 seconds.
Begin MonoManager ReloadAssembly
Symbol file LoadedFromMemory doesn't match image /Users/tianjiaowu/Documents/My NYU Undergraduate Academic Materials/Game Design/Intermediate Game Development - Karina Popp/Interm Game Dev In-class Demo/Library/PackageCache/com.unity.visualscripting@1.7.8/Editor/VisualScripting.Core/Dependencies/YamlDotNet/Unity.VisualScripting.YamlDotNet.dll
Symbol file LoadedFromMemory doesn't match image /Users/tianjiaowu/Documents/My NYU Undergraduate Academic Materials/Game Design/Intermediate Game Development - Karina Popp/Interm Game Dev In-class Demo/Library/PackageCache/com.unity.visualscripting@1.7.8/Editor/VisualScripting.Core/Dependencies/DotNetZip/Unity.VisualScripting.IonicZip.dll
Native extension for WindowsStandalone target not found
Native extension for iOS target not found
Native extension for Android target not found
Native extension for OSXStandalone target not found
Native extension for WebGL target not found
Refreshing native plugins compatible for Editor in 0.70 ms, found 3 plugins.
Preloading 0 native plugins for Editor in 0.00 ms.
Mono: successfully reloaded assembly
- Completed reload, in  1.959 seconds
Domain Reload Profiling:
	ReloadAssembly (1960ms)
		BeginReloadAssembly (181ms)
			ExecutionOrderSort (0ms)
			DisableScriptedObjects (8ms)
			BackupInstance (0ms)
			ReleaseScriptingObjects (0ms)
			CreateAndSetChildDomain (66ms)
		EndReloadAssembly (1627ms)
			LoadAssemblies (126ms)
			RebuildTransferFunctionScriptingTraits (0ms)
			SetupTypeCache (402ms)
			ReleaseScriptCaches (2ms)
			RebuildScriptCaches (89ms)
			SetupLoadedEditorAssemblies (916ms)
				LogAssemblyErrors (0ms)
				InitializePlatformSupportModulesInManaged (53ms)
				SetLoadedEditorAssemblies (1ms)
				RefreshPlugins (1ms)
				BeforeProcessingInitializeOnLoad (111ms)
				ProcessInitializeOnLoadAttributes (681ms)
				ProcessInitializeOnLoadMethodAttributes (68ms)
				AfterProcessingInitializeOnLoad (2ms)
				EditorAssembliesLoaded (0ms)
			ExecutionOrderSort2 (0ms)
			AwakeInstancesAfterBackupRestoration (11ms)
Platform modules already initialized, skipping
Refreshing native plugins compatible for Editor in 6.13 ms, found 3 plugins.
Preloading 0 native plugins for Editor in 0.00 ms.
Unloading 4043 Unused Serialized files (Serialized files now loaded: 0)
Unloading 31 unused Assets / (129.2 KB). Loaded Objects now: 4541.
Memory consumption went from 166.2 MB to 166.1 MB.
Total: 9.423565 ms (FindLiveObjects: 0.879693 ms CreateObjectMapping: 0.511626 ms MarkObjects: 7.506054 ms  DeleteObjects: 0.522068 ms)

AssetImportParameters requested are different than current active one (requested -> active):
  custom:video-decoder-ogg-theora: a1e56fd34408186e4bbccfd4996cb3dc -> 
  custom:container-muxer-webm: aa71ff27fc2769a1b78a27578f13a17b -> 
  custom:container-demuxer-webm: 4f35f7cbe854078d1ac9338744f61a02 -> 
  custom:video-encoder-webm-vp8: eb34c28f22e8b96e1ab97ce403110664 -> 
  custom:framework-osx-AVFoundation: e770b220cccbd017edd2c1fefb359320 -> 
  custom:audio-encoder-webm-vorbis: bf7c407c2cedff20999df2af8eb42d56 -> 
  custom:container-demuxer-ogg: 62fdf1f143b41e24485cea50d1cbac27 -> 
  custom:video-decoder-webm-vp8: 9c59270c3fd7afecdb556c50c9e8de78 -> 
  custom:audio-decoder-ogg-vorbis: bf7c407c2cedff20999df2af8eb42d56 -> 
========================================================================
Received Prepare
Registering precompiled user dll's ...
Registered in 0.004040 seconds.
Begin MonoManager ReloadAssembly
Symbol file LoadedFromMemory doesn't match image /Users/tianjiaowu/Documents/My NYU Undergraduate Academic Materials/Game Design/Intermediate Game Development - Karina Popp/Interm Game Dev In-class Demo/Library/PackageCache/com.unity.visualscripting@1.7.8/Editor/VisualScripting.Core/Dependencies/YamlDotNet/Unity.VisualScripting.YamlDotNet.dll
Symbol file LoadedFromMemory doesn't match image /Users/tianjiaowu/Documents/My NYU Undergraduate Academic Materials/Game Design/Intermediate Game Development - Karina Popp/Interm Game Dev In-class Demo/Library/PackageCache/com.unity.visualscripting@1.7.8/Editor/VisualScripting.Core/Dependencies/DotNetZip/Unity.VisualScripting.IonicZip.dll
Native extension for WindowsStandalone target not found
Native extension for iOS target not found
Native extension for Android target not found
Native extension for OSXStandalone target not found
Native extension for WebGL target not found
Refreshing native plugins compatible for Editor in 0.90 ms, found 3 plugins.
Preloading 0 native plugins for Editor in 0.00 ms.
Mono: successfully reloaded assembly
- Completed reload, in  1.951 seconds
Domain Reload Profiling:
	ReloadAssembly (1952ms)
		BeginReloadAssembly (183ms)
			ExecutionOrderSort (0ms)
			DisableScriptedObjects (8ms)
			BackupInstance (0ms)
			ReleaseScriptingObjects (0ms)
			CreateAndSetChildDomain (67ms)
		EndReloadAssembly (1617ms)
			LoadAssemblies (117ms)
			RebuildTransferFunctionScriptingTraits (0ms)
			SetupTypeCache (418ms)
			ReleaseScriptCaches (2ms)
			RebuildScriptCaches (94ms)
			SetupLoadedEditorAssemblies (882ms)
				LogAssemblyErrors (0ms)
				InitializePlatformSupportModulesInManaged (48ms)
				SetLoadedEditorAssemblies (1ms)
				RefreshPlugins (1ms)
				BeforeProcessingInitializeOnLoad (101ms)
				ProcessInitializeOnLoadAttributes (668ms)
				ProcessInitializeOnLoadMethodAttributes (60ms)
				AfterProcessingInitializeOnLoad (3ms)
				EditorAssembliesLoaded (0ms)
			ExecutionOrderSort2 (0ms)
			AwakeInstancesAfterBackupRestoration (13ms)
Platform modules already initialized, skipping
Refreshing native plugins compatible for Editor in 2.88 ms, found 3 plugins.
Preloading 0 native plugins for Editor in 0.00 ms.
Unloading 4043 Unused Serialized files (Serialized files now loaded: 0)
Unloading 31 unused Assets / (149.3 KB). Loaded Objects now: 4544.
Memory consumption went from 166.2 MB to 166.1 MB.
Total: 4.089643 ms (FindLiveObjects: 0.263530 ms CreateObjectMapping: 0.186408 ms MarkObjects: 3.447694 ms  DeleteObjects: 0.190210 ms)

AssetImportParameters requested are different than current active one (requested -> active):
  custom:video-decoder-ogg-theora: a1e56fd34408186e4bbccfd4996cb3dc -> 
  custom:container-muxer-webm: aa71ff27fc2769a1b78a27578f13a17b -> 
  custom:container-demuxer-webm: 4f35f7cbe854078d1ac9338744f61a02 -> 
  custom:video-encoder-webm-vp8: eb34c28f22e8b96e1ab97ce403110664 -> 
  custom:framework-osx-AVFoundation: e770b220cccbd017edd2c1fefb359320 -> 
  custom:audio-encoder-webm-vorbis: bf7c407c2cedff20999df2af8eb42d56 -> 
  custom:container-demuxer-ogg: 62fdf1f143b41e24485cea50d1cbac27 -> 
  custom:video-decoder-webm-vp8: 9c59270c3fd7afecdb556c50c9e8de78 -> 
  custom:audio-decoder-ogg-vorbis: bf7c407c2cedff20999df2af8eb42d56 -> 
========================================================================
Received Prepare
Registering precompiled user dll's ...
Registered in 0.004424 seconds.
Begin MonoManager ReloadAssembly
Symbol file LoadedFromMemory doesn't match image /Users/tianjiaowu/Documents/My NYU Undergraduate Academic Materials/Game Design/Intermediate Game Development - Karina Popp/Interm Game Dev In-class Demo/Library/PackageCache/com.unity.visualscripting@1.7.8/Editor/VisualScripting.Core/Dependencies/YamlDotNet/Unity.VisualScripting.YamlDotNet.dll
Symbol file LoadedFromMemory doesn't match image /Users/tianjiaowu/Documents/My NYU Undergraduate Academic Materials/Game Design/Intermediate Game Development - Karina Popp/Interm Game Dev In-class Demo/Library/PackageCache/com.unity.visualscripting@1.7.8/Editor/VisualScripting.Core/Dependencies/DotNetZip/Unity.VisualScripting.IonicZip.dll
Native extension for WindowsStandalone target not found
Native extension for iOS target not found
Native extension for Android target not found
Native extension for OSXStandalone target not found
Native extension for WebGL target not found
Refreshing native plugins compatible for Editor in 1.29 ms, found 3 plugins.
Preloading 0 native plugins for Editor in 0.00 ms.
Mono: successfully reloaded assembly
- Completed reload, in  1.732 seconds
Domain Reload Profiling:
	ReloadAssembly (1733ms)
		BeginReloadAssembly (186ms)
			ExecutionOrderSort (0ms)
			DisableScriptedObjects (11ms)
			BackupInstance (0ms)
			ReleaseScriptingObjects (0ms)
			CreateAndSetChildDomain (67ms)
		EndReloadAssembly (1407ms)
			LoadAssemblies (115ms)
			RebuildTransferFunctionScriptingTraits (0ms)
			SetupTypeCache (364ms)
			ReleaseScriptCaches (1ms)
			RebuildScriptCaches (82ms)
			SetupLoadedEditorAssemblies (777ms)
				LogAssemblyErrors (0ms)
				InitializePlatformSupportModulesInManaged (49ms)
				SetLoadedEditorAssemblies (2ms)
				RefreshPlugins (1ms)
				BeforeProcessingInitializeOnLoad (93ms)
				ProcessInitializeOnLoadAttributes (574ms)
				ProcessInitializeOnLoadMethodAttributes (56ms)
				AfterProcessingInitializeOnLoad (2ms)
				EditorAssembliesLoaded (0ms)
			ExecutionOrderSort2 (0ms)
			AwakeInstancesAfterBackupRestoration (7ms)
Platform modules already initialized, skipping
Refreshing native plugins compatible for Editor in 1.77 ms, found 3 plugins.
Preloading 0 native plugins for Editor in 0.00 ms.
Unloading 4043 Unused Serialized files (Serialized files now loaded: 0)
Unloading 31 unused Assets / (149.1 KB). Loaded Objects now: 4547.
Memory consumption went from 166.2 MB to 166.1 MB.
Total: 4.592032 ms (FindLiveObjects: 0.239500 ms CreateObjectMapping: 0.170474 ms MarkObjects: 4.013362 ms  DeleteObjects: 0.167303 ms)

AssetImportParameters requested are different than current active one (requested -> active):
  custom:video-decoder-ogg-theora: a1e56fd34408186e4bbccfd4996cb3dc -> 
  custom:container-muxer-webm: aa71ff27fc2769a1b78a27578f13a17b -> 
  custom:container-demuxer-webm: 4f35f7cbe854078d1ac9338744f61a02 -> 
  custom:video-encoder-webm-vp8: eb34c28f22e8b96e1ab97ce403110664 -> 
  custom:framework-osx-AVFoundation: e770b220cccbd017edd2c1fefb359320 -> 
  custom:audio-encoder-webm-vorbis: bf7c407c2cedff20999df2af8eb42d56 -> 
  custom:container-demuxer-ogg: 62fdf1f143b41e24485cea50d1cbac27 -> 
  custom:video-decoder-webm-vp8: 9c59270c3fd7afecdb556c50c9e8de78 -> 
  custom:audio-decoder-ogg-vorbis: bf7c407c2cedff20999df2af8eb42d56 -> 
========================================================================
Received Prepare
Registering precompiled user dll's ...
Registered in 0.005813 seconds.
Begin MonoManager ReloadAssembly
Symbol file LoadedFromMemory doesn't match image /Users/tianjiaowu/Documents/My NYU Undergraduate Academic Materials/Game Design/Intermediate Game Development - Karina Popp/Interm Game Dev In-class Demo/Library/PackageCache/com.unity.visualscripting@1.7.8/Editor/VisualScripting.Core/Dependencies/YamlDotNet/Unity.VisualScripting.YamlDotNet.dll
Symbol file LoadedFromMemory doesn't match image /Users/tianjiaowu/Documents/My NYU Undergraduate Academic Materials/Game Design/Intermediate Game Development - Karina Popp/Interm Game Dev In-class Demo/Library/PackageCache/com.unity.visualscripting@1.7.8/Editor/VisualScripting.Core/Dependencies/DotNetZip/Unity.VisualScripting.IonicZip.dll
Native extension for WindowsStandalone target not found
Native extension for iOS target not found
Native extension for Android target not found
Native extension for OSXStandalone target not found
Native extension for WebGL target not found
Refreshing native plugins compatible for Editor in 1.59 ms, found 3 plugins.
Preloading 0 native plugins for Editor in 0.00 ms.
Mono: successfully reloaded assembly
- Completed reload, in  2.871 seconds
Domain Reload Profiling:
	ReloadAssembly (2873ms)
		BeginReloadAssembly (310ms)
			ExecutionOrderSort (0ms)
			DisableScriptedObjects (16ms)
			BackupInstance (0ms)
			ReleaseScriptingObjects (1ms)
			CreateAndSetChildDomain (127ms)
		EndReloadAssembly (2336ms)
			LoadAssemblies (220ms)
			RebuildTransferFunctionScriptingTraits (0ms)
			SetupTypeCache (586ms)
			ReleaseScriptCaches (5ms)
			RebuildScriptCaches (143ms)
			SetupLoadedEditorAssemblies (1258ms)
				LogAssemblyErrors (0ms)
				InitializePlatformSupportModulesInManaged (75ms)
				SetLoadedEditorAssemblies (1ms)
				RefreshPlugins (2ms)
				BeforeProcessingInitializeOnLoad (145ms)
				ProcessInitializeOnLoadAttributes (952ms)
				ProcessInitializeOnLoadMethodAttributes (80ms)
				AfterProcessingInitializeOnLoad (3ms)
				EditorAssembliesLoaded (0ms)
			ExecutionOrderSort2 (0ms)
			AwakeInstancesAfterBackupRestoration (15ms)
Platform modules already initialized, skipping
Refreshing native plugins compatible for Editor in 7.80 ms, found 3 plugins.
Preloading 0 native plugins for Editor in 0.00 ms.
Unloading 4043 Unused Serialized files (Serialized files now loaded: 0)
Unloading 31 unused Assets / (129.3 KB). Loaded Objects now: 4550.
Memory consumption went from 166.2 MB to 166.1 MB.
Total: 7.988288 ms (FindLiveObjects: 0.876503 ms CreateObjectMapping: 0.750701 ms MarkObjects: 6.148623 ms  DeleteObjects: 0.210083 ms)

AssetImportParameters requested are different than current active one (requested -> active):
  custom:video-decoder-ogg-theora: a1e56fd34408186e4bbccfd4996cb3dc -> 
  custom:container-muxer-webm: aa71ff27fc2769a1b78a27578f13a17b -> 
  custom:container-demuxer-webm: 4f35f7cbe854078d1ac9338744f61a02 -> 
  custom:video-encoder-webm-vp8: eb34c28f22e8b96e1ab97ce403110664 -> 
  custom:framework-osx-AVFoundation: e770b220cccbd017edd2c1fefb359320 -> 
  custom:audio-encoder-webm-vorbis: bf7c407c2cedff20999df2af8eb42d56 -> 
  custom:container-demuxer-ogg: 62fdf1f143b41e24485cea50d1cbac27 -> 
  custom:video-decoder-webm-vp8: 9c59270c3fd7afecdb556c50c9e8de78 -> 
  custom:audio-decoder-ogg-vorbis: bf7c407c2cedff20999df2af8eb42d56 -> 
